<?xml version="1.0" encoding="UTF-8"?>
<!-- Generated by org.testng.reporters.JUnitReportReporter -->
<testsuite hostname="DESKTOP-D9TNES5" failures="0" tests="2" name="class52_testngbasics.MyFirstTestNG" time="0.024" errors="0" timestamp="2024-06-16T18:24:50 IST" skipped="0">
  <testcase classname="class52_testngbasics.MyFirstTestNG" name="test1" time="0.020"/>
  <testcase classname="class52_testngbasics.MyFirstTestNG" name="addtocart" time="0.004"/>
</testsuite> <!-- class52_testngbasics.MyFirstTestNG -->
